===== NV SCRAPERS: Fri Feb 13 06:36:18 CET 2026 =====

--- START run_lygten.sh ---
>>> Runner: run_lygten.sh | Location: Lygten Station
[LYGTEN_STATION] Found 10 event rows
[LYGTEN_STATION] ✅ Created 0, Updated 10, Skipped 0
--- END run_lygten.sh ---

--- START run_thoravej29.sh ---
[THORAVEJ29] LIST_URL=https://www.thoravej29.dk/en/events LOCATION=Thoravej 29
[THORAVEJ29] fetch https://www.thoravej29.dk/en/events
[THORAVEJ29] fetch https://www.thoravej29.dk/events
[THORAVEJ29] fetch https://www.thoravej29.dk/en/events?page=2
[THORAVEJ29] fetch https://www.thoravej29.dk/en/events?page=3
[THORAVEJ29] fetch https://www.thoravej29.dk/en/events?page=4
[THORAVEJ29] fetch https://www.thoravej29.dk/en/events?page=5
[THORAVEJ29] fetch https://www.thoravej29.dk/en/events?page=6
[THORAVEJ29] fetch https://www.thoravej29.dk/en/events?page=7
[THORAVEJ29] fetch https://www.thoravej29.dk/events?page=2
[THORAVEJ29] fetch https://www.thoravej29.dk/events?page=3
[THORAVEJ29] fetch https://www.thoravej29.dk/events?page=4
[THORAVEJ29] fetch https://www.thoravej29.dk/events?page=5
[THORAVEJ29] fetch https://www.thoravej29.dk/events?page=6
[THORAVEJ29] fetch https://www.thoravej29.dk/events?page=7
[THORAVEJ29] fetch https://www.thoravej29.dk/en/events/page/2/
[THORAVEJ29] listing fetch fail https://www.thoravej29.dk/en/events/page/2/: 404 Client Error: Not Found for url: https://www.thoravej29.dk/en/events/page/2
[THORAVEJ29] fetch https://www.thoravej29.dk/en/events/page/3/
[THORAVEJ29] listing fetch fail https://www.thoravej29.dk/en/events/page/3/: 404 Client Error: Not Found for url: https://www.thoravej29.dk/en/events/page/3
[THORAVEJ29] fetch https://www.thoravej29.dk/en/events/page/4/
[THORAVEJ29] listing fetch fail https://www.thoravej29.dk/en/events/page/4/: 404 Client Error: Not Found for url: https://www.thoravej29.dk/en/events/page/4
[THORAVEJ29] fetch https://www.thoravej29.dk/en/events/page/5/
[THORAVEJ29] listing fetch fail https://www.thoravej29.dk/en/events/page/5/: 404 Client Error: Not Found for url: https://www.thoravej29.dk/en/events/page/5
[THORAVEJ29] fetch https://www.thoravej29.dk/en/events/page/6/
[THORAVEJ29] listing fetch fail https://www.thoravej29.dk/en/events/page/6/: 404 Client Error: Not Found for url: https://www.thoravej29.dk/en/events/page/6
[THORAVEJ29] fetch https://www.thoravej29.dk/en/events/page/7/
[THORAVEJ29] listing fetch fail https://www.thoravej29.dk/en/events/page/7/: 404 Client Error: Not Found for url: https://www.thoravej29.dk/en/events/page/7
[THORAVEJ29] fetch https://www.thoravej29.dk/events/page/2/
[THORAVEJ29] listing fetch fail https://www.thoravej29.dk/events/page/2/: 404 Client Error: Not Found for url: https://www.thoravej29.dk/da/events/page/2
[THORAVEJ29] fetch https://www.thoravej29.dk/events/page/3/
[THORAVEJ29] listing fetch fail https://www.thoravej29.dk/events/page/3/: 404 Client Error: Not Found for url: https://www.thoravej29.dk/da/events/page/3
[THORAVEJ29] fetch https://www.thoravej29.dk/events/page/4/
[THORAVEJ29] listing fetch fail https://www.thoravej29.dk/events/page/4/: 404 Client Error: Not Found for url: https://www.thoravej29.dk/da/events/page/4
[THORAVEJ29] fetch https://www.thoravej29.dk/events/page/5/
[THORAVEJ29] listing fetch fail https://www.thoravej29.dk/events/page/5/: 404 Client Error: Not Found for url: https://www.thoravej29.dk/da/events/page/5
[THORAVEJ29] fetch https://www.thoravej29.dk/events/page/6/
[THORAVEJ29] listing fetch fail https://www.thoravej29.dk/events/page/6/: 404 Client Error: Not Found for url: https://www.thoravej29.dk/da/events/page/6
[THORAVEJ29] fetch https://www.thoravej29.dk/events/page/7/
[THORAVEJ29] listing fetch fail https://www.thoravej29.dk/events/page/7/: 404 Client Error: Not Found for url: https://www.thoravej29.dk/da/events/page/7
[THORAVEJ29] listing anchors seen: 182
[THORAVEJ29] regex link hits: 28
[THORAVEJ29] collected event links: 4
[THORAVEJ29] Collected 4 event URLs
[THORAVEJ29] preload URLs: 113
[THORAVEJ29] fetch https://www.thoravej29.dk/en/event/session-8
[THORAVEJ29] fetch https://www.thoravej29.dk/en/event/ny-bogklub-i-snart
[THORAVEJ29] fetch https://www.thoravej29.dk/da/event/session-8
[THORAVEJ29] fetch https://www.thoravej29.dk/da/event/ny-bogklub-i-snart
[THORAVEJ29] ✅ Created 0, Updated 4, Skipped 0
--- END run_thoravej29.sh ---

--- START run_vierrummet.sh ---
[VIERRUMMET] LIST_URL=https://www.vierrummet.dk/ LOCATION=Vier Rummet
[VIERRUMMET] Collected 0 event URLs
[VIERRUMMET] ✅ Created 0, Updated 0, Skipped 0
--- END run_vierrummet.sh ---

===== DONE: Fri Feb 13 06:37:02 CET 2026 =====
