===== NV SCRAPERS: Fri Jan  9 06:30:43 CET 2026 =====

--- START run_lygten.sh ---
>>> Runner: run_lygten.sh | Location: Lygten Station
[LYGTEN_STATION] Found 13 event rows
[LYGTEN_STATION] ✅ Created 0, Updated 13, Skipped 0
--- END run_lygten.sh ---

--- START run_thoravej29.sh ---
[THORAVEJ29] LIST_URL=https://www.thoravej29.dk/en/events LOCATION=Thoravej 29
[THORAVEJ29] fetch https://www.thoravej29.dk/en/events
[THORAVEJ29] fetch https://www.thoravej29.dk/events
[THORAVEJ29] fetch https://www.thoravej29.dk/en/events?page=2
[THORAVEJ29] fetch https://www.thoravej29.dk/en/events?page=3
[THORAVEJ29] fetch https://www.thoravej29.dk/en/events?page=4
[THORAVEJ29] fetch https://www.thoravej29.dk/en/events?page=5
[THORAVEJ29] fetch https://www.thoravej29.dk/en/events?page=6
[THORAVEJ29] fetch https://www.thoravej29.dk/en/events?page=7
[THORAVEJ29] fetch https://www.thoravej29.dk/events?page=2
[THORAVEJ29] fetch https://www.thoravej29.dk/events?page=3
[THORAVEJ29] fetch https://www.thoravej29.dk/events?page=4
[THORAVEJ29] listing parse fail https://www.thoravej29.dk/events?page=4: HTTPSConnectionPool(host='www.thoravej29.dk', port=443): Read timed out. (read timeout=30)
[THORAVEJ29] fetch https://www.thoravej29.dk/events?page=5
[THORAVEJ29] fetch https://www.thoravej29.dk/events?page=6
[THORAVEJ29] fetch https://www.thoravej29.dk/events?page=7
[THORAVEJ29] fetch https://www.thoravej29.dk/en/events/page/2/
[THORAVEJ29] listing fetch fail https://www.thoravej29.dk/en/events/page/2/: 404 Client Error: Not Found for url: https://www.thoravej29.dk/en/events/page/2
[THORAVEJ29] fetch https://www.thoravej29.dk/en/events/page/3/
[THORAVEJ29] listing fetch fail https://www.thoravej29.dk/en/events/page/3/: 404 Client Error: Not Found for url: https://www.thoravej29.dk/en/events/page/3
[THORAVEJ29] fetch https://www.thoravej29.dk/en/events/page/4/
[THORAVEJ29] listing fetch fail https://www.thoravej29.dk/en/events/page/4/: 404 Client Error: Not Found for url: https://www.thoravej29.dk/en/events/page/4
[THORAVEJ29] fetch https://www.thoravej29.dk/en/events/page/5/
[THORAVEJ29] listing fetch fail https://www.thoravej29.dk/en/events/page/5/: 404 Client Error: Not Found for url: https://www.thoravej29.dk/en/events/page/5
[THORAVEJ29] fetch https://www.thoravej29.dk/en/events/page/6/
[THORAVEJ29] listing fetch fail https://www.thoravej29.dk/en/events/page/6/: 404 Client Error: Not Found for url: https://www.thoravej29.dk/en/events/page/6
[THORAVEJ29] fetch https://www.thoravej29.dk/en/events/page/7/
[THORAVEJ29] listing fetch fail https://www.thoravej29.dk/en/events/page/7/: 404 Client Error: Not Found for url: https://www.thoravej29.dk/en/events/page/7
[THORAVEJ29] fetch https://www.thoravej29.dk/events/page/2/
[THORAVEJ29] listing fetch fail https://www.thoravej29.dk/events/page/2/: 404 Client Error: Not Found for url: https://www.thoravej29.dk/da/events/page/2
[THORAVEJ29] fetch https://www.thoravej29.dk/events/page/3/
[THORAVEJ29] listing fetch fail https://www.thoravej29.dk/events/page/3/: 404 Client Error: Not Found for url: https://www.thoravej29.dk/da/events/page/3
[THORAVEJ29] fetch https://www.thoravej29.dk/events/page/4/
[THORAVEJ29] listing fetch fail https://www.thoravej29.dk/events/page/4/: 404 Client Error: Not Found for url: https://www.thoravej29.dk/da/events/page/4
[THORAVEJ29] fetch https://www.thoravej29.dk/events/page/5/
[THORAVEJ29] listing fetch fail https://www.thoravej29.dk/events/page/5/: 404 Client Error: Not Found for url: https://www.thoravej29.dk/da/events/page/5
[THORAVEJ29] fetch https://www.thoravej29.dk/events/page/6/
[THORAVEJ29] listing fetch fail https://www.thoravej29.dk/events/page/6/: 404 Client Error: Not Found for url: https://www.thoravej29.dk/da/events/page/6
[THORAVEJ29] fetch https://www.thoravej29.dk/events/page/7/
[THORAVEJ29] listing fetch fail https://www.thoravej29.dk/events/page/7/: 404 Client Error: Not Found for url: https://www.thoravej29.dk/da/events/page/7
[THORAVEJ29] listing anchors seen: 169
[THORAVEJ29] regex link hits: 26
[THORAVEJ29] collected event links: 4
[THORAVEJ29] Collected 4 event URLs
Traceback (most recent call last):
  File "/Users/constanceremy/Documents/nordvestandmore/nv_scraper/.venv/lib/python3.13/site-packages/urllib3/connectionpool.py", line 534, in _make_request
    response = conn.getresponse()
  File "/Users/constanceremy/Documents/nordvestandmore/nv_scraper/.venv/lib/python3.13/site-packages/urllib3/connection.py", line 565, in getresponse
    httplib_response = super().getresponse()
  File "/opt/homebrew/Cellar/python@3.13/3.13.1/Frameworks/Python.framework/Versions/3.13/lib/python3.13/http/client.py", line 1428, in getresponse
    response.begin()
    ~~~~~~~~~~~~~~^^
  File "/opt/homebrew/Cellar/python@3.13/3.13.1/Frameworks/Python.framework/Versions/3.13/lib/python3.13/http/client.py", line 331, in begin
    version, status, reason = self._read_status()
                              ~~~~~~~~~~~~~~~~~^^
  File "/opt/homebrew/Cellar/python@3.13/3.13.1/Frameworks/Python.framework/Versions/3.13/lib/python3.13/http/client.py", line 292, in _read_status
    line = str(self.fp.readline(_MAXLINE + 1), "iso-8859-1")
               ~~~~~~~~~~~~~~~~^^^^^^^^^^^^^^
  File "/opt/homebrew/Cellar/python@3.13/3.13.1/Frameworks/Python.framework/Versions/3.13/lib/python3.13/socket.py", line 719, in readinto
    return self._sock.recv_into(b)
           ~~~~~~~~~~~~~~~~~~~~^^^
  File "/opt/homebrew/Cellar/python@3.13/3.13.1/Frameworks/Python.framework/Versions/3.13/lib/python3.13/ssl.py", line 1304, in recv_into
    return self.read(nbytes, buffer)
           ~~~~~~~~~^^^^^^^^^^^^^^^^
  File "/opt/homebrew/Cellar/python@3.13/3.13.1/Frameworks/Python.framework/Versions/3.13/lib/python3.13/ssl.py", line 1138, in read
    return self._sslobj.read(len, buffer)
           ~~~~~~~~~~~~~~~~~^^^^^^^^^^^^^
TimeoutError: The read operation timed out

The above exception was the direct cause of the following exception:

Traceback (most recent call last):
  File "/Users/constanceremy/Documents/nordvestandmore/nv_scraper/.venv/lib/python3.13/site-packages/requests/adapters.py", line 644, in send
    resp = conn.urlopen(
        method=request.method,
    ...<9 lines>...
        chunked=chunked,
    )
  File "/Users/constanceremy/Documents/nordvestandmore/nv_scraper/.venv/lib/python3.13/site-packages/urllib3/connectionpool.py", line 841, in urlopen
    retries = retries.increment(
        method, url, error=new_e, _pool=self, _stacktrace=sys.exc_info()[2]
    )
  File "/Users/constanceremy/Documents/nordvestandmore/nv_scraper/.venv/lib/python3.13/site-packages/urllib3/util/retry.py", line 474, in increment
    raise reraise(type(error), error, _stacktrace)
          ~~~~~~~^^^^^^^^^^^^^^^^^^^^^^^^^^^^^^^^^
  File "/Users/constanceremy/Documents/nordvestandmore/nv_scraper/.venv/lib/python3.13/site-packages/urllib3/util/util.py", line 39, in reraise
    raise value
  File "/Users/constanceremy/Documents/nordvestandmore/nv_scraper/.venv/lib/python3.13/site-packages/urllib3/connectionpool.py", line 787, in urlopen
    response = self._make_request(
        conn,
    ...<10 lines>...
        **response_kw,
    )
  File "/Users/constanceremy/Documents/nordvestandmore/nv_scraper/.venv/lib/python3.13/site-packages/urllib3/connectionpool.py", line 536, in _make_request
    self._raise_timeout(err=e, url=url, timeout_value=read_timeout)
    ~~~~~~~~~~~~~~~~~~~^^^^^^^^^^^^^^^^^^^^^^^^^^^^^^^^^^^^^^^^^^^^
  File "/Users/constanceremy/Documents/nordvestandmore/nv_scraper/.venv/lib/python3.13/site-packages/urllib3/connectionpool.py", line 367, in _raise_timeout
    raise ReadTimeoutError(
        self, url, f"Read timed out. (read timeout={timeout_value})"
    ) from err
urllib3.exceptions.ReadTimeoutError: HTTPSConnectionPool(host='api.notion.com', port=443): Read timed out. (read timeout=30)

During handling of the above exception, another exception occurred:

Traceback (most recent call last):
  File "/Users/constanceremy/Documents/nordvestandmore/nv_scraper/scrape_thoravej29.py", line 305, in <module>
    main()
    ~~~~^^
  File "/Users/constanceremy/Documents/nordvestandmore/nv_scraper/scrape_thoravej29.py", line 261, in main
    existing = notion_existing_urls()
  File "/Users/constanceremy/Documents/nordvestandmore/nv_scraper/scrape_thoravej29.py", line 208, in notion_existing_urls
    r = requests.post(f"{NOTION_API}/databases/{NOTION_DB}/query",
                      headers=NOTION_HEADERS, json=payload, timeout=30)
  File "/Users/constanceremy/Documents/nordvestandmore/nv_scraper/.venv/lib/python3.13/site-packages/requests/api.py", line 115, in post
    return request("post", url, data=data, json=json, **kwargs)
  File "/Users/constanceremy/Documents/nordvestandmore/nv_scraper/.venv/lib/python3.13/site-packages/requests/api.py", line 59, in request
    return session.request(method=method, url=url, **kwargs)
           ~~~~~~~~~~~~~~~^^^^^^^^^^^^^^^^^^^^^^^^^^^^^^^^^^
  File "/Users/constanceremy/Documents/nordvestandmore/nv_scraper/.venv/lib/python3.13/site-packages/requests/sessions.py", line 589, in request
    resp = self.send(prep, **send_kwargs)
  File "/Users/constanceremy/Documents/nordvestandmore/nv_scraper/.venv/lib/python3.13/site-packages/requests/sessions.py", line 703, in send
    r = adapter.send(request, **kwargs)
  File "/Users/constanceremy/Documents/nordvestandmore/nv_scraper/.venv/lib/python3.13/site-packages/requests/adapters.py", line 690, in send
    raise ReadTimeout(e, request=request)
requests.exceptions.ReadTimeout: HTTPSConnectionPool(host='api.notion.com', port=443): Read timed out. (read timeout=30)
