===== NV SCRAPERS: Tue Jan  6 06:43:27 CET 2026 =====

--- START run_lygten.sh ---
>>> Runner: run_lygten.sh | Location: Lygten Station
[LYGTEN_STATION] Found 13 event rows
[LYGTEN_STATION] ✅ Created 3, Updated 10, Skipped 0
--- END run_lygten.sh ---

--- START run_thoravej29.sh ---
[THORAVEJ29] LIST_URL=https://www.thoravej29.dk/en/events LOCATION=Thoravej 29
[THORAVEJ29] fetch https://www.thoravej29.dk/en/events
[THORAVEJ29] fetch https://www.thoravej29.dk/events
[THORAVEJ29] fetch https://www.thoravej29.dk/en/events?page=2
[THORAVEJ29] fetch https://www.thoravej29.dk/en/events?page=3
[THORAVEJ29] fetch https://www.thoravej29.dk/en/events?page=4
[THORAVEJ29] fetch https://www.thoravej29.dk/en/events?page=5
[THORAVEJ29] fetch https://www.thoravej29.dk/en/events?page=6
[THORAVEJ29] fetch https://www.thoravej29.dk/en/events?page=7
[THORAVEJ29] fetch https://www.thoravej29.dk/events?page=2
[THORAVEJ29] fetch https://www.thoravej29.dk/events?page=3
[THORAVEJ29] fetch https://www.thoravej29.dk/events?page=4
[THORAVEJ29] fetch https://www.thoravej29.dk/events?page=5
[THORAVEJ29] fetch https://www.thoravej29.dk/events?page=6
[THORAVEJ29] fetch https://www.thoravej29.dk/events?page=7
[THORAVEJ29] fetch https://www.thoravej29.dk/en/events/page/2/
[THORAVEJ29] listing fetch fail https://www.thoravej29.dk/en/events/page/2/: 404 Client Error: Not Found for url: https://www.thoravej29.dk/en/events/page/2
[THORAVEJ29] fetch https://www.thoravej29.dk/en/events/page/3/
[THORAVEJ29] listing fetch fail https://www.thoravej29.dk/en/events/page/3/: 404 Client Error: Not Found for url: https://www.thoravej29.dk/en/events/page/3
[THORAVEJ29] fetch https://www.thoravej29.dk/en/events/page/4/
[THORAVEJ29] listing fetch fail https://www.thoravej29.dk/en/events/page/4/: 404 Client Error: Not Found for url: https://www.thoravej29.dk/en/events/page/4
[THORAVEJ29] fetch https://www.thoravej29.dk/en/events/page/5/
[THORAVEJ29] listing fetch fail https://www.thoravej29.dk/en/events/page/5/: 404 Client Error: Not Found for url: https://www.thoravej29.dk/en/events/page/5
[THORAVEJ29] fetch https://www.thoravej29.dk/en/events/page/6/
[THORAVEJ29] listing fetch fail https://www.thoravej29.dk/en/events/page/6/: 404 Client Error: Not Found for url: https://www.thoravej29.dk/en/events/page/6
[THORAVEJ29] fetch https://www.thoravej29.dk/en/events/page/7/
[THORAVEJ29] listing fetch fail https://www.thoravej29.dk/en/events/page/7/: 404 Client Error: Not Found for url: https://www.thoravej29.dk/en/events/page/7
[THORAVEJ29] fetch https://www.thoravej29.dk/events/page/2/
[THORAVEJ29] listing fetch fail https://www.thoravej29.dk/events/page/2/: 404 Client Error: Not Found for url: https://www.thoravej29.dk/da/events/page/2
[THORAVEJ29] fetch https://www.thoravej29.dk/events/page/3/
[THORAVEJ29] listing fetch fail https://www.thoravej29.dk/events/page/3/: 404 Client Error: Not Found for url: https://www.thoravej29.dk/da/events/page/3
[THORAVEJ29] fetch https://www.thoravej29.dk/events/page/4/
[THORAVEJ29] listing fetch fail https://www.thoravej29.dk/events/page/4/: 404 Client Error: Not Found for url: https://www.thoravej29.dk/da/events/page/4
[THORAVEJ29] fetch https://www.thoravej29.dk/events/page/5/
[THORAVEJ29] listing fetch fail https://www.thoravej29.dk/events/page/5/: 404 Client Error: Not Found for url: https://www.thoravej29.dk/da/events/page/5
[THORAVEJ29] fetch https://www.thoravej29.dk/events/page/6/
[THORAVEJ29] listing fetch fail https://www.thoravej29.dk/events/page/6/: 404 Client Error: Not Found for url: https://www.thoravej29.dk/da/events/page/6
[THORAVEJ29] fetch https://www.thoravej29.dk/events/page/7/
[THORAVEJ29] listing fetch fail https://www.thoravej29.dk/events/page/7/: 404 Client Error: Not Found for url: https://www.thoravej29.dk/da/events/page/7
[THORAVEJ29] listing anchors seen: 182
[THORAVEJ29] regex link hits: 28
[THORAVEJ29] collected event links: 4
[THORAVEJ29] Collected 4 event URLs
[THORAVEJ29] preload URLs: 93
[THORAVEJ29] fetch https://www.thoravej29.dk/en/event/klimacocktails-pa-thoravej
[THORAVEJ29] fetch https://www.thoravej29.dk/en/event/en-vej-til-alle
[THORAVEJ29] fetch https://www.thoravej29.dk/da/event/klimacocktails-pa-thoravej
[THORAVEJ29] fetch https://www.thoravej29.dk/da/event/en-vej-til-alle
[THORAVEJ29] ✅ Created 0, Updated 4, Skipped 0
--- END run_thoravej29.sh ---

--- START run_vierrummet.sh ---
[VIERRUMMET] LIST_URL=https://www.vierrummet.dk/ LOCATION=Vier Rummet
Traceback (most recent call last):
  File "/Users/constanceremy/Documents/nordvestandmore/nv_scraper/.venv/lib/python3.13/site-packages/urllib3/connection.py", line 198, in _new_conn
    sock = connection.create_connection(
        (self._dns_host, self.port),
    ...<2 lines>...
        socket_options=self.socket_options,
    )
  File "/Users/constanceremy/Documents/nordvestandmore/nv_scraper/.venv/lib/python3.13/site-packages/urllib3/util/connection.py", line 60, in create_connection
    for res in socket.getaddrinfo(host, port, family, socket.SOCK_STREAM):
               ~~~~~~~~~~~~~~~~~~^^^^^^^^^^^^^^^^^^^^^^^^^^^^^^^^^^^^^^^^
  File "/opt/homebrew/Cellar/python@3.13/3.13.1/Frameworks/Python.framework/Versions/3.13/lib/python3.13/socket.py", line 975, in getaddrinfo
    for res in _socket.getaddrinfo(host, port, family, type, proto, flags):
               ~~~~~~~~~~~~~~~~~~~^^^^^^^^^^^^^^^^^^^^^^^^^^^^^^^^^^^^^^^^
socket.gaierror: [Errno 8] nodename nor servname provided, or not known

The above exception was the direct cause of the following exception:

Traceback (most recent call last):
  File "/Users/constanceremy/Documents/nordvestandmore/nv_scraper/.venv/lib/python3.13/site-packages/urllib3/connectionpool.py", line 787, in urlopen
    response = self._make_request(
        conn,
    ...<10 lines>...
        **response_kw,
    )
  File "/Users/constanceremy/Documents/nordvestandmore/nv_scraper/.venv/lib/python3.13/site-packages/urllib3/connectionpool.py", line 488, in _make_request
    raise new_e
  File "/Users/constanceremy/Documents/nordvestandmore/nv_scraper/.venv/lib/python3.13/site-packages/urllib3/connectionpool.py", line 464, in _make_request
    self._validate_conn(conn)
    ~~~~~~~~~~~~~~~~~~~^^^^^^
  File "/Users/constanceremy/Documents/nordvestandmore/nv_scraper/.venv/lib/python3.13/site-packages/urllib3/connectionpool.py", line 1093, in _validate_conn
    conn.connect()
    ~~~~~~~~~~~~^^
  File "/Users/constanceremy/Documents/nordvestandmore/nv_scraper/.venv/lib/python3.13/site-packages/urllib3/connection.py", line 753, in connect
    self.sock = sock = self._new_conn()
                       ~~~~~~~~~~~~~~^^
  File "/Users/constanceremy/Documents/nordvestandmore/nv_scraper/.venv/lib/python3.13/site-packages/urllib3/connection.py", line 205, in _new_conn
    raise NameResolutionError(self.host, self, e) from e
urllib3.exceptions.NameResolutionError: <urllib3.connection.HTTPSConnection object at 0x101d0ae40>: Failed to resolve 'www.vierrummet.dk' ([Errno 8] nodename nor servname provided, or not known)

The above exception was the direct cause of the following exception:

Traceback (most recent call last):
  File "/Users/constanceremy/Documents/nordvestandmore/nv_scraper/.venv/lib/python3.13/site-packages/requests/adapters.py", line 644, in send
    resp = conn.urlopen(
        method=request.method,
    ...<9 lines>...
        chunked=chunked,
    )
  File "/Users/constanceremy/Documents/nordvestandmore/nv_scraper/.venv/lib/python3.13/site-packages/urllib3/connectionpool.py", line 841, in urlopen
    retries = retries.increment(
        method, url, error=new_e, _pool=self, _stacktrace=sys.exc_info()[2]
    )
  File "/Users/constanceremy/Documents/nordvestandmore/nv_scraper/.venv/lib/python3.13/site-packages/urllib3/util/retry.py", line 519, in increment
    raise MaxRetryError(_pool, url, reason) from reason  # type: ignore[arg-type]
    ^^^^^^^^^^^^^^^^^^^^^^^^^^^^^^^^^^^^^^^^^^^^^^^^^^^
urllib3.exceptions.MaxRetryError: HTTPSConnectionPool(host='www.vierrummet.dk', port=443): Max retries exceeded with url: / (Caused by NameResolutionError("<urllib3.connection.HTTPSConnection object at 0x101d0ae40>: Failed to resolve 'www.vierrummet.dk' ([Errno 8] nodename nor servname provided, or not known)"))

During handling of the above exception, another exception occurred:

Traceback (most recent call last):
  File "/Users/constanceremy/Documents/nordvestandmore/nv_scraper/scrape_vierrummet.py", line 335, in <module>
    main()
    ~~~~^^
  File "/Users/constanceremy/Documents/nordvestandmore/nv_scraper/scrape_vierrummet.py", line 285, in main
    links = collect_event_links(LIST_URL)
  File "/Users/constanceremy/Documents/nordvestandmore/nv_scraper/scrape_vierrummet.py", line 191, in collect_event_links
    s = soup_of(page_url)
  File "/Users/constanceremy/Documents/nordvestandmore/nv_scraper/scrape_vierrummet.py", line 34, in soup_of
    r = requests.get(url, headers=SCRAPER_HEADERS, timeout=30)
  File "/Users/constanceremy/Documents/nordvestandmore/nv_scraper/.venv/lib/python3.13/site-packages/requests/api.py", line 73, in get
    return request("get", url, params=params, **kwargs)
  File "/Users/constanceremy/Documents/nordvestandmore/nv_scraper/.venv/lib/python3.13/site-packages/requests/api.py", line 59, in request
    return session.request(method=method, url=url, **kwargs)
           ~~~~~~~~~~~~~~~^^^^^^^^^^^^^^^^^^^^^^^^^^^^^^^^^^
  File "/Users/constanceremy/Documents/nordvestandmore/nv_scraper/.venv/lib/python3.13/site-packages/requests/sessions.py", line 589, in request
    resp = self.send(prep, **send_kwargs)
  File "/Users/constanceremy/Documents/nordvestandmore/nv_scraper/.venv/lib/python3.13/site-packages/requests/sessions.py", line 703, in send
    r = adapter.send(request, **kwargs)
  File "/Users/constanceremy/Documents/nordvestandmore/nv_scraper/.venv/lib/python3.13/site-packages/requests/adapters.py", line 677, in send
    raise ConnectionError(e, request=request)
requests.exceptions.ConnectionError: HTTPSConnectionPool(host='www.vierrummet.dk', port=443): Max retries exceeded with url: / (Caused by NameResolutionError("<urllib3.connection.HTTPSConnection object at 0x101d0ae40>: Failed to resolve 'www.vierrummet.dk' ([Errno 8] nodename nor servname provided, or not known)"))
