===== NV SCRAPERS: Sun Oct 26 06:40:36 CET 2025 =====

--- START run_lygten.sh ---
>>> Runner: run_lygten.sh | Location: Lygten Station
[LYGTEN_STATION] Found 16 event rows
[LYGTEN_STATION] ✅ Created 2, Updated 14, Skipped 0
--- END run_lygten.sh ---

--- START run_thoravej29.sh ---
[THORAVEJ29] LIST_URL=https://www.thoravej29.dk/en/events LOCATION=Thoravej 29
[THORAVEJ29] fetch https://www.thoravej29.dk/en/events
[THORAVEJ29] fetch https://www.thoravej29.dk/events
[THORAVEJ29] fetch https://www.thoravej29.dk/en/events?page=2
[THORAVEJ29] fetch https://www.thoravej29.dk/en/events?page=3
[THORAVEJ29] fetch https://www.thoravej29.dk/en/events?page=4
[THORAVEJ29] fetch https://www.thoravej29.dk/en/events?page=5
[THORAVEJ29] fetch https://www.thoravej29.dk/en/events?page=6
[THORAVEJ29] fetch https://www.thoravej29.dk/en/events?page=7
[THORAVEJ29] fetch https://www.thoravej29.dk/events?page=2
[THORAVEJ29] fetch https://www.thoravej29.dk/events?page=3
[THORAVEJ29] fetch https://www.thoravej29.dk/events?page=4
[THORAVEJ29] fetch https://www.thoravej29.dk/events?page=5
[THORAVEJ29] fetch https://www.thoravej29.dk/events?page=6
[THORAVEJ29] fetch https://www.thoravej29.dk/events?page=7
[THORAVEJ29] fetch https://www.thoravej29.dk/en/events/page/2/
[THORAVEJ29] listing fetch fail https://www.thoravej29.dk/en/events/page/2/: 404 Client Error: Not Found for url: https://www.thoravej29.dk/en/events/page/2
[THORAVEJ29] fetch https://www.thoravej29.dk/en/events/page/3/
[THORAVEJ29] listing fetch fail https://www.thoravej29.dk/en/events/page/3/: 404 Client Error: Not Found for url: https://www.thoravej29.dk/en/events/page/3
[THORAVEJ29] fetch https://www.thoravej29.dk/en/events/page/4/
[THORAVEJ29] listing fetch fail https://www.thoravej29.dk/en/events/page/4/: 404 Client Error: Not Found for url: https://www.thoravej29.dk/en/events/page/4
[THORAVEJ29] fetch https://www.thoravej29.dk/en/events/page/5/
[THORAVEJ29] listing fetch fail https://www.thoravej29.dk/en/events/page/5/: 404 Client Error: Not Found for url: https://www.thoravej29.dk/en/events/page/5
[THORAVEJ29] fetch https://www.thoravej29.dk/en/events/page/6/
[THORAVEJ29] listing fetch fail https://www.thoravej29.dk/en/events/page/6/: 404 Client Error: Not Found for url: https://www.thoravej29.dk/en/events/page/6
[THORAVEJ29] fetch https://www.thoravej29.dk/en/events/page/7/
[THORAVEJ29] listing fetch fail https://www.thoravej29.dk/en/events/page/7/: 404 Client Error: Not Found for url: https://www.thoravej29.dk/en/events/page/7
[THORAVEJ29] fetch https://www.thoravej29.dk/events/page/2/
[THORAVEJ29] listing fetch fail https://www.thoravej29.dk/events/page/2/: 404 Client Error: Not Found for url: https://www.thoravej29.dk/da/events/page/2
[THORAVEJ29] fetch https://www.thoravej29.dk/events/page/3/
[THORAVEJ29] listing fetch fail https://www.thoravej29.dk/events/page/3/: 404 Client Error: Not Found for url: https://www.thoravej29.dk/da/events/page/3
[THORAVEJ29] fetch https://www.thoravej29.dk/events/page/4/
[THORAVEJ29] listing fetch fail https://www.thoravej29.dk/events/page/4/: 404 Client Error: Not Found for url: https://www.thoravej29.dk/da/events/page/4
[THORAVEJ29] fetch https://www.thoravej29.dk/events/page/5/
[THORAVEJ29] listing fetch fail https://www.thoravej29.dk/events/page/5/: 404 Client Error: Not Found for url: https://www.thoravej29.dk/da/events/page/5
[THORAVEJ29] fetch https://www.thoravej29.dk/events/page/6/
[THORAVEJ29] listing fetch fail https://www.thoravej29.dk/events/page/6/: 404 Client Error: Not Found for url: https://www.thoravej29.dk/da/events/page/6
[THORAVEJ29] fetch https://www.thoravej29.dk/events/page/7/
[THORAVEJ29] listing fetch fail https://www.thoravej29.dk/events/page/7/: 404 Client Error: Not Found for url: https://www.thoravej29.dk/da/events/page/7
[THORAVEJ29] listing anchors seen: 182
[THORAVEJ29] regex link hits: 28
[THORAVEJ29] collected event links: 4
[THORAVEJ29] Collected 4 event URLs
[THORAVEJ29] preload URLs: 48
[THORAVEJ29] fetch https://www.thoravej29.dk/en/event/pre-premiere-giv-os-en-chance-at-thoravej-29
[THORAVEJ29] fetch https://www.thoravej29.dk/en/event/foresight-and-innovation-beehive
[THORAVEJ29] fetch https://www.thoravej29.dk/da/event/en-forbandet-kabaret
[THORAVEJ29] fetch https://www.thoravej29.dk/da/event/snedkernes-efterarsudstilling-2025-abning
[THORAVEJ29] ✅ Created 2, Updated 2, Skipped 0
--- END run_thoravej29.sh ---

--- START run_vierrummet.sh ---
[VIERRUMMET] LIST_URL=https://www.vierrummet.dk/ LOCATION=Vier Rummet
[VIERRUMMET] Collected 0 event URLs
[VIERRUMMET] ✅ Created 0, Updated 0, Skipped 0
--- END run_vierrummet.sh ---

===== DONE: Sun Oct 26 06:41:36 CET 2025 =====
